#
# A fatal error has been detected by the Java Runtime Environment:
#
#  SIGSEGV (0xb) at pc=0x00007fe9640000b8, pid=10592, tid=140640932476672
#
# JRE version: Java(TM) SE Runtime Environment (8.0_91-b14) (build 1.8.0_91-b14)
# Java VM: Java HotSpot(TM) 64-Bit Server VM (25.91-b14 mixed mode linux-amd64 compressed oops)
# Problematic frame:
# C  0x00007fe9640000b8
#
# Failed to write core dump. Core dumps have been disabled. To enable core dumping, try "ulimit -c unlimited" before starting Java again
#
# If you would like to submit a bug report, please visit:
#   http://bugreport.java.com/bugreport/crash.jsp
#

---------------  T H R E A D  ---------------

Current thread (0x00007fe99c0c5800):  JavaThread "JDWP Transport Listener: dt_socket" daemon [_thread_in_vm, id=10609, stack(0x00007fe984c23000,0x00007fe984d24000)]

siginfo: si_signo: 11 (SIGSEGV), si_code: 2 (SEGV_ACCERR), si_addr: 0x00007fe9640000b8

Registers:
RAX=0x00007fe9640000b8, RBX=0x00007fe9640000c8, RCX=0x00007fe9a271f320, RDX=0x00007fe9a1cfb2a0
RSP=0x00007fe984d22a08, RBP=0x00007fe984d22a20, RSI=0x00007fe99c0c5800, RDI=0x00007fe9640000c8
R8 =0x00007fe99c0be5f0, R9 =0x0000000000000000, R10=0x0000000000000001, R11=0x00007fe9a1eaea30
R12=0x0000000000000017, R13=0x00007fe9640000d8, R14=0x00007fe99c0c5800, R15=0x00007fe984d22b27
RIP=0x00007fe9640000b8, EFLAGS=0x0000000000010202, CSGSFS=0x0000000000000033, ERR=0x0000000000000015
  TRAPNO=0x000000000000000e

Top of Stack: (sp=0x00007fe984d22a08)
0x00007fe984d22a08:   00007fe9a15ebac7 0000000000000074
0x00007fe984d22a18:   00007fe99c0035d0 00007fe984d22a90
0x00007fe984d22a28:   00007fe9a147c3de 00007fe99c0035d0
0x00007fe984d22a38:   00007fe984d22a40 00007fe99c0c5800
0x00007fe984d22a48:   0000000000000000 00007fe900000000
0x00007fe984d22a58:   0000000000000000 00007fe984d22a70
0x00007fe984d22a68:   00007fe9a03fae40 00007fe9640000d8
0x00007fe984d22a78:   00007fe984d22b27 0000000000000000
0x00007fe984d22a88:   00007fe984d22b27 00007fe984d22ac0
0x00007fe984d22a98:   00007fe9a01e68c2 00007fe984d22ac0
0x00007fe984d22aa8:   00007fe9640000d8 00007fe984d22b90
0x00007fe984d22ab8:   0000000000000000 00007fe984d22b50
0x00007fe984d22ac8:   00007fe9a01c7aa0 00007fe984d22b08
0x00007fe984d22ad8:   00007fe984d22b00 00007fe984d22af8
0x00007fe984d22ae8:   00007fe984d22b1c 0000000164002fc0
0x00007fe984d22af8:   0000000000000000 0000000000000000
0x00007fe984d22b08:   0000000000000000 00007fe964007990
0x00007fe984d22b18:   00007fe984d22b90 0000000000000005
0x00007fe984d22b28:   0000000000000002 000000000000000f
0x00007fe984d22b38:   0000000000000002 00000000000f0200
0x00007fe984d22b48:   000000000000000f 00007fe984d22da0
0x00007fe984d22b58:   00007fe9a01d29c6 0000062700000013
0x00007fe984d22b68:   00007fe9a10f0200 00007fe95c000ba0
0x00007fe984d22b78:   0000000000000000 00007fe984d22b90
0x00007fe984d22b88:   00007fe984d22d20 00007fe984d22be4
0x00007fe984d22b98:   00007fe900000128 00007fe984d22ba8
0x00007fe984d22ba8:   0000000000000004 00007fe984d22be0
0x00007fe984d22bb8:   0000000000000000 00007f0000000000
0x00007fe984d22bc8:   0000062700000014 00007fe900002d80
0x00007fe984d22bd8:   00007fe984d22be0 0000000005000000
0x00007fe984d22be8:   0000000100000c00 7f00000e00000000
0x00007fe984d22bf8:   000000b85a0064e9 656e6fc005000000 

Instructions: (pc=0x00007fe9640000b8)
0x00007fe964000098:   e0 78 00 64 e9 7f 00 00 e0 78 00 64 e9 7f 00 00
0x00007fe9640000a8:   98 00 00 64 e9 7f 00 00 98 00 00 64 e9 7f 00 00
0x00007fe9640000b8:   a8 00 00 64 e9 7f 00 00 a8 00 00 64 e9 7f 00 00
0x00007fe9640000c8:   b8 00 00 64 e9 7f 00 00 b8 00 00 64 e9 7f 00 00 

Register to memory mapping:

RAX=0x00007fe9640000b8 is an unknown value
RBX=0x00007fe9640000c8 is an unknown value
RCX=0x00007fe9a271f320: <offset 0x219320> in /lib/x86_64-linux-gnu/libpthread.so.0 at 0x00007fe9a2506000
RDX=0x00007fe9a1cfb2a0: <offset 0xfb72a0> in /usr/lib/jvm/java-8-oracle/jre/lib/amd64/server/libjvm.so at 0x00007fe9a0d44000
RSP=0x00007fe984d22a08 is pointing into the stack for thread: 0x00007fe99c0c5800
RBP=0x00007fe984d22a20 is pointing into the stack for thread: 0x00007fe99c0c5800
RSI=0x00007fe99c0c5800 is a thread
RDI=0x00007fe9640000c8 is an unknown value
R8 =0x00007fe99c0be5f0 is an unknown value
R9 =0x0000000000000000 is an unknown value
R10=0x0000000000000001 is an unknown value
R11=0x00007fe9a1eaea30: <offset 0x187a30> in /lib/x86_64-linux-gnu/libc.so.6 at 0x00007fe9a1d27000
R12=0x0000000000000017 is an unknown value
R13=0x00007fe9640000d8 is an unknown value
R14=0x00007fe99c0c5800 is a thread
R15=0x00007fe984d22b27 is pointing into the stack for thread: 0x00007fe99c0c5800


Stack: [0x00007fe984c23000,0x00007fe984d24000],  sp=0x00007fe984d22a08,  free space=1022k
Native frames: (J=compiled Java code, j=interpreted, Vv=VM code, C=native code)
C  0x00007fe9640000b8
V  [libjvm.so+0x7383de]